빌드 시작: 2016-05-21 오후 12:53:42
     1>2 노드의 "E:\강의\프로그래밍\C프로그래밍\gawibawibo\gawibawibo\gawibawibo.vcxproj" 프로젝트(build 대상)입니다.
     1>InitializeBuildStatus:
         "AlwaysCreate"이(가) 지정되었기 때문에 "Debug\gawibawibo.unsuccessfulbuild"을(를) 만들고 있습니다.
       ClCompile:
         c:\Program Files (x86)\Microsoft Visual Studio 10.0\VC\bin\CL.exe /c /Zi /nologo /W3 /WX- /Od /Oy- /D WIN32 /D _DEBUG /D _CONSOLE /D _UNICODE /D UNICODE /Gm /EHsc /RTC1 /MDd /GS /fp:precise /Zc:wchar_t /Zc:forScope /Fo"Debug\\" /Fd"Debug\vc100.pdb" /Gd /TP /analyze- /errorReport:prompt GBB2.cpp
         GBB2.cpp
     1>GBB2.cpp(16): warning C4244: '인수' : 'time_t'에서 'unsigned int'(으)로 변환하면서 데이터가 손실될 수 있습니다.
     1>GBB2.cpp(22): warning C4996: 'scanf': This function or variable may be unsafe. Consider using scanf_s instead. To disable deprecation, use _CRT_SECURE_NO_WARNINGS. See online help for details.
                 c:\Program Files (x86)\Microsoft Visual Studio 10.0\VC\include\stdio.h(304) : 'scanf' 선언을 참조하십시오.
       ManifestResourceCompile:
         C:\Program Files (x86)\Microsoft SDKs\Windows\v7.0A\bin\rc.exe /nologo /fo"Debug\gawibawibo.exe.embed.manifest.res" Debug\gawibawibo_manifest.rc 
       Link:
         c:\Program Files (x86)\Microsoft Visual Studio 10.0\VC\bin\link.exe /ERRORREPORT:PROMPT /OUT:"E:\강의\프로그래밍\C프로그래밍\gawibawibo\Debug\gawibawibo.exe" /INCREMENTAL /NOLOGO kernel32.lib user32.lib gdi32.lib winspool.lib comdlg32.lib advapi32.lib shell32.lib ole32.lib oleaut32.lib uuid.lib odbc32.lib odbccp32.lib /MANIFEST /ManifestFile:"Debug\gawibawibo.exe.intermediate.manifest" /MANIFESTUAC:"level='asInvoker' uiAccess='false'" /DEBUG /PDB:"E:\강의\프로그래밍\C프로그래밍\gawibawibo\Debug\gawibawibo.pdb" /SUBSYSTEM:CONSOLE /TLBID:1 /DYNAMICBASE /NXCOMPAT /IMPLIB:"E:\강의\프로그래밍\C프로그래밍\gawibawibo\Debug\gawibawibo.lib" /MACHINE:X86 Debug\gawibawibo.exe.embed.manifest.res
         Debug\GBB2.obj
       Manifest:
         C:\Program Files (x86)\Microsoft SDKs\Windows\v7.0A\bin\mt.exe /nologo /verbose /out:"Debug\gawibawibo.exe.embed.manifest" /manifest Debug\gawibawibo.exe.intermediate.manifest
         C:\Program Files (x86)\Microsoft SDKs\Windows\v7.0A\bin\rc.exe /nologo /fo"Debug\gawibawibo.exe.embed.manifest.res" Debug\gawibawibo_manifest.rc 
       LinkEmbedManifest:
         c:\Program Files (x86)\Microsoft Visual Studio 10.0\VC\bin\link.exe /ERRORREPORT:PROMPT /OUT:"E:\강의\프로그래밍\C프로그래밍\gawibawibo\Debug\gawibawibo.exe" /INCREMENTAL /NOLOGO kernel32.lib user32.lib gdi32.lib winspool.lib comdlg32.lib advapi32.lib shell32.lib ole32.lib oleaut32.lib uuid.lib odbc32.lib odbccp32.lib /MANIFEST /ManifestFile:"Debug\gawibawibo.exe.intermediate.manifest" /MANIFESTUAC:"level='asInvoker' uiAccess='false'" /DEBUG /PDB:"E:\강의\프로그래밍\C프로그래밍\gawibawibo\Debug\gawibawibo.pdb" /SUBSYSTEM:CONSOLE /TLBID:1 /DYNAMICBASE /NXCOMPAT /IMPLIB:"E:\강의\프로그래밍\C프로그래밍\gawibawibo\Debug\gawibawibo.lib" /MACHINE:X86 Debug\gawibawibo.exe.embed.manifest.res
         Debug\GBB2.obj
         gawibawibo.vcxproj -> E:\강의\프로그래밍\C프로그래밍\gawibawibo\Debug\gawibawibo.exe
       FinalizeBuildStatus:
         "Debug\gawibawibo.unsuccessfulbuild" 파일을 삭제하고 있습니다.
         "Debug\gawibawibo.lastbuildstate"에 연결(touching)하고 있습니다.
     1>"E:\강의\프로그래밍\C프로그래밍\gawibawibo\gawibawibo\gawibawibo.vcxproj" 프로젝트를 빌드했습니다(build 대상).

빌드했습니다.

경과 시간: 00:00:07.41
