빌드 시작: 2016-05-21 오후 12:23:37
     1>2 노드의 "E:\강의\프로그래밍\C프로그래밍\Quiz\Quiz\Quiz.vcxproj" 프로젝트(build 대상)입니다.
     1>PrepareForBuild:
         "E:\강의\프로그래밍\C프로그래밍\Quiz\Debug\" 디렉터리를 만들고 있습니다.
       InitializeBuildStatus:
         "AlwaysCreate"이(가) 지정되었기 때문에 "Debug\Quiz.unsuccessfulbuild"을(를) 만들고 있습니다.
       ClCompile:
         c:\Program Files (x86)\Microsoft Visual Studio 10.0\VC\bin\CL.exe /c /ZI /nologo /W3 /WX- /Od /Oy- /D WIN32 /D _DEBUG /D _CONSOLE /D _UNICODE /D UNICODE /Gm /EHsc /RTC1 /MDd /GS /fp:precise /Zc:wchar_t /Zc:forScope /Fo"Debug\\" /Fd"Debug\vc100.pdb" /Gd /TP /analyze- /errorReport:prompt Quiz.cpp
         Quiz.cpp
     1>e:\강의\프로그래밍\c프로그래밍\quiz\quiz\quiz.cpp(14): warning C4996: 'scanf': This function or variable may be unsafe. Consider using scanf_s instead. To disable deprecation, use _CRT_SECURE_NO_WARNINGS. See online help for details.
                 c:\program files (x86)\microsoft visual studio 10.0\vc\include\stdio.h(304) : 'scanf' 선언을 참조하십시오.
       ManifestResourceCompile:
         C:\Program Files (x86)\Microsoft SDKs\Windows\v7.0A\bin\rc.exe /nologo /fo"Debug\Quiz.exe.embed.manifest.res" Debug\Quiz_manifest.rc 
       Link:
         c:\Program Files (x86)\Microsoft Visual Studio 10.0\VC\bin\link.exe /ERRORREPORT:PROMPT /OUT:"E:\강의\프로그래밍\C프로그래밍\Quiz\Debug\Quiz.exe" /INCREMENTAL /NOLOGO kernel32.lib user32.lib gdi32.lib winspool.lib comdlg32.lib advapi32.lib shell32.lib ole32.lib oleaut32.lib uuid.lib odbc32.lib odbccp32.lib /MANIFEST /ManifestFile:"Debug\Quiz.exe.intermediate.manifest" /MANIFESTUAC:"level='asInvoker' uiAccess='false'" /DEBUG /PDB:"E:\강의\프로그래밍\C프로그래밍\Quiz\Debug\Quiz.pdb" /SUBSYSTEM:CONSOLE /TLBID:1 /DYNAMICBASE /NXCOMPAT /IMPLIB:"E:\강의\프로그래밍\C프로그래밍\Quiz\Debug\Quiz.lib" /MACHINE:X86 Debug\Quiz.exe.embed.manifest.res
         Debug\Quiz.obj
       Manifest:
         C:\Program Files (x86)\Microsoft SDKs\Windows\v7.0A\bin\mt.exe /nologo /verbose /out:"Debug\Quiz.exe.embed.manifest" /manifest Debug\Quiz.exe.intermediate.manifest
         C:\Program Files (x86)\Microsoft SDKs\Windows\v7.0A\bin\rc.exe /nologo /fo"Debug\Quiz.exe.embed.manifest.res" Debug\Quiz_manifest.rc 
       LinkEmbedManifest:
         c:\Program Files (x86)\Microsoft Visual Studio 10.0\VC\bin\link.exe /ERRORREPORT:PROMPT /OUT:"E:\강의\프로그래밍\C프로그래밍\Quiz\Debug\Quiz.exe" /INCREMENTAL /NOLOGO kernel32.lib user32.lib gdi32.lib winspool.lib comdlg32.lib advapi32.lib shell32.lib ole32.lib oleaut32.lib uuid.lib odbc32.lib odbccp32.lib /MANIFEST /ManifestFile:"Debug\Quiz.exe.intermediate.manifest" /MANIFESTUAC:"level='asInvoker' uiAccess='false'" /DEBUG /PDB:"E:\강의\프로그래밍\C프로그래밍\Quiz\Debug\Quiz.pdb" /SUBSYSTEM:CONSOLE /TLBID:1 /DYNAMICBASE /NXCOMPAT /IMPLIB:"E:\강의\프로그래밍\C프로그래밍\Quiz\Debug\Quiz.lib" /MACHINE:X86 Debug\Quiz.exe.embed.manifest.res
         Debug\Quiz.obj
         Quiz.vcxproj -> E:\강의\프로그래밍\C프로그래밍\Quiz\Debug\Quiz.exe
       FinalizeBuildStatus:
         "Debug\Quiz.unsuccessfulbuild" 파일을 삭제하고 있습니다.
         "Debug\Quiz.lastbuildstate"에 연결(touching)하고 있습니다.
     1>"E:\강의\프로그래밍\C프로그래밍\Quiz\Quiz\Quiz.vcxproj" 프로젝트를 빌드했습니다(build 대상).

빌드했습니다.

경과 시간: 00:00:11.77
