빌드 시작: 2016-05-21 오후 12:41:20
     1>2 노드의 "E:\강의\프로그래밍\C프로그래밍\Rand\Rand\Rand.vcxproj" 프로젝트(build 대상)입니다.
     1>InitializeBuildStatus:
         "AlwaysCreate"이(가) 지정되었기 때문에 "Debug\Rand.unsuccessfulbuild"을(를) 만들고 있습니다.
       ClCompile:
         c:\Program Files (x86)\Microsoft Visual Studio 10.0\VC\bin\CL.exe /c /ZI /nologo /W3 /WX- /Od /Oy- /D WIN32 /D _DEBUG /D _CONSOLE /D _UNICODE /D UNICODE /Gm /EHsc /RTC1 /MDd /GS /fp:precise /Zc:wchar_t /Zc:forScope /Fo"Debug\\" /Fd"Debug\vc100.pdb" /Gd /TP /analyze- /errorReport:prompt Rand.cpp
         Rand.cpp
     1>e:\강의\프로그래밍\c프로그래밍\rand\rand\rand.cpp(11): warning C4244: '인수' : 'time_t'에서 'unsigned int'(으)로 변환하면서 데이터가 손실될 수 있습니다.
       ManifestResourceCompile:
         모든 출력이 최신 상태입니다.
       Link:
         c:\Program Files (x86)\Microsoft Visual Studio 10.0\VC\bin\link.exe /ERRORREPORT:PROMPT /OUT:"E:\강의\프로그래밍\C프로그래밍\Rand\Debug\Rand.exe" /INCREMENTAL /NOLOGO kernel32.lib user32.lib gdi32.lib winspool.lib comdlg32.lib advapi32.lib shell32.lib ole32.lib oleaut32.lib uuid.lib odbc32.lib odbccp32.lib /MANIFEST /ManifestFile:"Debug\Rand.exe.intermediate.manifest" /MANIFESTUAC:"level='asInvoker' uiAccess='false'" /DEBUG /PDB:"E:\강의\프로그래밍\C프로그래밍\Rand\Debug\Rand.pdb" /SUBSYSTEM:CONSOLE /TLBID:1 /DYNAMICBASE /NXCOMPAT /IMPLIB:"E:\강의\프로그래밍\C프로그래밍\Rand\Debug\Rand.lib" /MACHINE:X86 Debug\Rand.exe.embed.manifest.res
         Debug\Rand.obj
       Manifest:
         C:\Program Files (x86)\Microsoft SDKs\Windows\v7.0A\bin\mt.exe /nologo /verbose /out:"Debug\Rand.exe.embed.manifest" /manifest Debug\Rand.exe.intermediate.manifest
         모든 출력이 최신 상태입니다.
       LinkEmbedManifest:
         모든 출력이 최신 상태입니다.
         Rand.vcxproj -> E:\강의\프로그래밍\C프로그래밍\Rand\Debug\Rand.exe
       FinalizeBuildStatus:
         "Debug\Rand.unsuccessfulbuild" 파일을 삭제하고 있습니다.
         "Debug\Rand.lastbuildstate"에 연결(touching)하고 있습니다.
     1>"E:\강의\프로그래밍\C프로그래밍\Rand\Rand\Rand.vcxproj" 프로젝트를 빌드했습니다(build 대상).

빌드했습니다.

경과 시간: 00:00:04.04
