빌드 시작: 2016-05-21 오후 12:44:29
     1>2 노드의 "E:\강의\프로그래밍\C프로그래밍\Rand2\Rand2\Rand2.vcxproj" 프로젝트(build 대상)입니다.
     1>PrepareForBuild:
         "E:\강의\프로그래밍\C프로그래밍\Rand2\Debug\" 디렉터리를 만들고 있습니다.
       InitializeBuildStatus:
         "AlwaysCreate"이(가) 지정되었기 때문에 "Debug\Rand2.unsuccessfulbuild"을(를) 만들고 있습니다.
       ClCompile:
         c:\Program Files (x86)\Microsoft Visual Studio 10.0\VC\bin\CL.exe /c /ZI /nologo /W3 /WX- /Od /Oy- /D WIN32 /D _DEBUG /D _CONSOLE /D _UNICODE /D UNICODE /Gm /EHsc /RTC1 /MDd /GS /fp:precise /Zc:wchar_t /Zc:forScope /Fo"Debug\\" /Fd"Debug\vc100.pdb" /Gd /TP /analyze- /errorReport:prompt Rand2.cpp
         Rand2.cpp
     1>e:\강의\프로그래밍\c프로그래밍\rand2\rand2\rand2.cpp(15): warning C4244: '인수' : 'time_t'에서 'unsigned int'(으)로 변환하면서 데이터가 손실될 수 있습니다.
       ManifestResourceCompile:
         C:\Program Files (x86)\Microsoft SDKs\Windows\v7.0A\bin\rc.exe /nologo /fo"Debug\Rand2.exe.embed.manifest.res" Debug\Rand2_manifest.rc 
       Link:
         c:\Program Files (x86)\Microsoft Visual Studio 10.0\VC\bin\link.exe /ERRORREPORT:PROMPT /OUT:"E:\강의\프로그래밍\C프로그래밍\Rand2\Debug\Rand2.exe" /INCREMENTAL /NOLOGO kernel32.lib user32.lib gdi32.lib winspool.lib comdlg32.lib advapi32.lib shell32.lib ole32.lib oleaut32.lib uuid.lib odbc32.lib odbccp32.lib /MANIFEST /ManifestFile:"Debug\Rand2.exe.intermediate.manifest" /MANIFESTUAC:"level='asInvoker' uiAccess='false'" /DEBUG /PDB:"E:\강의\프로그래밍\C프로그래밍\Rand2\Debug\Rand2.pdb" /SUBSYSTEM:CONSOLE /TLBID:1 /DYNAMICBASE /NXCOMPAT /IMPLIB:"E:\강의\프로그래밍\C프로그래밍\Rand2\Debug\Rand2.lib" /MACHINE:X86 Debug\Rand2.exe.embed.manifest.res
         Debug\Rand2.obj
       Manifest:
         C:\Program Files (x86)\Microsoft SDKs\Windows\v7.0A\bin\mt.exe /nologo /verbose /out:"Debug\Rand2.exe.embed.manifest" /manifest Debug\Rand2.exe.intermediate.manifest
         C:\Program Files (x86)\Microsoft SDKs\Windows\v7.0A\bin\rc.exe /nologo /fo"Debug\Rand2.exe.embed.manifest.res" Debug\Rand2_manifest.rc 
       LinkEmbedManifest:
         c:\Program Files (x86)\Microsoft Visual Studio 10.0\VC\bin\link.exe /ERRORREPORT:PROMPT /OUT:"E:\강의\프로그래밍\C프로그래밍\Rand2\Debug\Rand2.exe" /INCREMENTAL /NOLOGO kernel32.lib user32.lib gdi32.lib winspool.lib comdlg32.lib advapi32.lib shell32.lib ole32.lib oleaut32.lib uuid.lib odbc32.lib odbccp32.lib /MANIFEST /ManifestFile:"Debug\Rand2.exe.intermediate.manifest" /MANIFESTUAC:"level='asInvoker' uiAccess='false'" /DEBUG /PDB:"E:\강의\프로그래밍\C프로그래밍\Rand2\Debug\Rand2.pdb" /SUBSYSTEM:CONSOLE /TLBID:1 /DYNAMICBASE /NXCOMPAT /IMPLIB:"E:\강의\프로그래밍\C프로그래밍\Rand2\Debug\Rand2.lib" /MACHINE:X86 Debug\Rand2.exe.embed.manifest.res
         Debug\Rand2.obj
         Rand2.vcxproj -> E:\강의\프로그래밍\C프로그래밍\Rand2\Debug\Rand2.exe
       FinalizeBuildStatus:
         "Debug\Rand2.unsuccessfulbuild" 파일을 삭제하고 있습니다.
         "Debug\Rand2.lastbuildstate"에 연결(touching)하고 있습니다.
     1>"E:\강의\프로그래밍\C프로그래밍\Rand2\Rand2\Rand2.vcxproj" 프로젝트를 빌드했습니다(build 대상).

빌드했습니다.

경과 시간: 00:00:08.48
